<?xml version="1.0" encoding="UTF-8"?>
<testsuite name="He wants to book a flight" tests="1" skipped="0" failures="0" errors="0" timestamp="2019-08-09T19:33:18" hostname="SBMEDLAPPROHG5" time="52.25">
  <properties/>
  <testcase name="Book a flight" classname="He wants to book a flight" time="52.25"/>
  <system-out><![CDATA[]]></system-out>
  <system-err><![CDATA[ago 09, 2019 2:33:18 PM org.openqa.selenium.remote.DesiredCapabilities chrome
INFORMACIÓN: Using `new ChromeOptions()` is preferred to `DesiredCapabilities.chrome()`
Starting ChromeDriver 76.0.3809.68 (420c9498db8ce8fcd190a954d51297672c1515d5-refs/branch-heads/3809@{#864}) on port 13151
Only local connections are allowed.
Please protect ports used by ChromeDriver and related test frameworks to prevent access by malicious code.
ago 09, 2019 2:33:22 PM org.openqa.selenium.remote.ProtocolHandshake createSession
INFORMACIÓN: Detected dialect: W3C
[Test worker] INFO net.thucydides.core.steps.ConsoleLoggingListener - 
        __    _____ _____ ____ _____   ____   _    ____  ____  _____ ____  
  _     \ \  |_   _| ____/ ___|_   _| |  _ \ / \  / ___|/ ___|| ____|  _ \ 
 (_)_____| |   | | |  _| \___ \ | |   | |_) / _ \ \___ \\___ \|  _| | | | |
  _|_____| |   | | | |___ ___) || |   |  __/ ___ \ ___) |___) | |___| |_| |
 (_)     | |   |_| |_____|____/ |_|   |_| /_/   \_\____/|____/|_____|____/ 
        /_/                                                                

TEST PASSED: Book a flight
----------------------------------------------------------------------------
]]></system-err>
</testsuite>
